0 info it worked if it ends with ok
1 verbose cli [ '/usr/bin/node', '/usr/bin/npm', 'install' ]
2 info using npm@1.4.28
3 info using node@v0.10.36
4 verbose node symlink /usr/bin/node
5 verbose readDependencies using package.json deps
6 verbose install where, deps [ '/home/www/client/unchatbar-connection',
6 verbose install   [ 'connect-modrewrite',
6 verbose install     'express',
6 verbose install     'express-spa-router',
6 verbose install     'gzippo',
6 verbose install     'morgan',
6 verbose install     'bower',
6 verbose install     'grunt',
6 verbose install     'grunt-angular-templates',
6 verbose install     'grunt-autoprefixer',
6 verbose install     'grunt-cli',
6 verbose install     'grunt-concurrent',
6 verbose install     'grunt-contrib-clean',
6 verbose install     'grunt-contrib-concat',
6 verbose install     'grunt-contrib-connect',
6 verbose install     'grunt-contrib-copy',
6 verbose install     'grunt-contrib-cssmin',
6 verbose install     'grunt-contrib-htmlmin',
6 verbose install     'grunt-contrib-imagemin',
6 verbose install     'grunt-contrib-jshint',
6 verbose install     'grunt-contrib-uglify',
6 verbose install     'grunt-contrib-watch',
6 verbose install     'grunt-filerev',
6 verbose install     'grunt-google-cdn',
6 verbose install     'grunt-karma',
6 verbose install     'grunt-newer',
6 verbose install     'grunt-ng-annotate',
6 verbose install     'grunt-ng-constant',
6 verbose install     'grunt-ngdocs',
6 verbose install     'grunt-svgmin',
6 verbose install     'grunt-usemin',
6 verbose install     'grunt-wiredep',
6 verbose install     'jasmine-core',
6 verbose install     'jshint-stylish',
6 verbose install     'load-grunt-tasks',
6 verbose install     'time-grunt',
6 verbose install     'karma-ng-html2js-preprocessor',
6 verbose install     'karma',
6 verbose install     'karma-coverage',
6 verbose install     'karma-jasmine',
6 verbose install     'karma-phantomjs-launcher' ] ]
7 info preinstall unchatbar-connection@0.0.1
8 verbose readDependencies using package.json deps
9 verbose already installed skipping connect-modrewrite@^0.7.9 /home/www/client/unchatbar-connection
10 verbose already installed skipping express@^4.10.6 /home/www/client/unchatbar-connection
11 verbose already installed skipping express-spa-router@^0.0.8 /home/www/client/unchatbar-connection
12 verbose already installed skipping gzippo@^0.2.0 /home/www/client/unchatbar-connection
13 verbose already installed skipping morgan@^1.5.0 /home/www/client/unchatbar-connection
14 verbose already installed skipping bower@^1.3.2 /home/www/client/unchatbar-connection
15 verbose already installed skipping grunt@^0.4.2 /home/www/client/unchatbar-connection
16 verbose already installed skipping grunt-angular-templates@^0.5.7 /home/www/client/unchatbar-connection
17 verbose already installed skipping grunt-autoprefixer@^0.7.3 /home/www/client/unchatbar-connection
18 verbose already installed skipping grunt-cli@^0.1.13 /home/www/client/unchatbar-connection
19 verbose already installed skipping grunt-concurrent@^0.5.0 /home/www/client/unchatbar-connection
20 verbose already installed skipping grunt-contrib-clean@^0.5.0 /home/www/client/unchatbar-connection
21 verbose already installed skipping grunt-contrib-concat@^0.4.0 /home/www/client/unchatbar-connection
22 verbose already installed skipping grunt-contrib-connect@^0.7.1 /home/www/client/unchatbar-connection
23 verbose already installed skipping grunt-contrib-copy@^0.5.0 /home/www/client/unchatbar-connection
24 verbose already installed skipping grunt-contrib-cssmin@^0.9.0 /home/www/client/unchatbar-connection
25 verbose already installed skipping grunt-contrib-htmlmin@^0.3.0 /home/www/client/unchatbar-connection
26 verbose already installed skipping grunt-contrib-imagemin@^0.8.1 /home/www/client/unchatbar-connection
27 verbose already installed skipping grunt-contrib-jshint@^0.10.0 /home/www/client/unchatbar-connection
28 verbose already installed skipping grunt-contrib-uglify@^0.4.0 /home/www/client/unchatbar-connection
29 verbose already installed skipping grunt-contrib-watch@^0.6.1 /home/www/client/unchatbar-connection
30 verbose already installed skipping grunt-filerev@^0.2.1 /home/www/client/unchatbar-connection
31 verbose already installed skipping grunt-google-cdn@^0.4.0 /home/www/client/unchatbar-connection
32 verbose already installed skipping grunt-karma@^0.9.0 /home/www/client/unchatbar-connection
33 verbose already installed skipping grunt-newer@^0.7.0 /home/www/client/unchatbar-connection
34 verbose already installed skipping grunt-ng-annotate@^0.4.0 /home/www/client/unchatbar-connection
35 verbose already installed skipping grunt-ng-constant@^1.0.0 /home/www/client/unchatbar-connection
36 verbose already installed skipping grunt-ngdocs@^0.2.6 /home/www/client/unchatbar-connection
37 verbose already installed skipping grunt-svgmin@^0.4.0 /home/www/client/unchatbar-connection
38 verbose already installed skipping grunt-usemin@^2.1.1 /home/www/client/unchatbar-connection
39 verbose already installed skipping grunt-wiredep@^2.0.0 /home/www/client/unchatbar-connection
40 verbose already installed skipping jasmine-core@^2.1.3 /home/www/client/unchatbar-connection
41 verbose already installed skipping jshint-stylish@^0.2.0 /home/www/client/unchatbar-connection
42 verbose already installed skipping load-grunt-tasks@^0.4.0 /home/www/client/unchatbar-connection
43 verbose already installed skipping time-grunt@^0.3.1 /home/www/client/unchatbar-connection
44 verbose cache add [ 'karma-ng-html2js-preprocessor@^0.1.2', null ]
45 verbose cache add name=undefined spec="karma-ng-html2js-preprocessor@^0.1.2" args=["karma-ng-html2js-preprocessor@^0.1.2",null]
46 verbose parsed url { protocol: null,
46 verbose parsed url   slashes: null,
46 verbose parsed url   auth: null,
46 verbose parsed url   host: null,
46 verbose parsed url   port: null,
46 verbose parsed url   hostname: null,
46 verbose parsed url   hash: null,
46 verbose parsed url   search: null,
46 verbose parsed url   query: null,
46 verbose parsed url   pathname: 'karma-ng-html2js-preprocessor@^0.1.2',
46 verbose parsed url   path: 'karma-ng-html2js-preprocessor@^0.1.2',
46 verbose parsed url   href: 'karma-ng-html2js-preprocessor@^0.1.2' }
47 verbose already installed skipping karma@^0.12.28 /home/www/client/unchatbar-connection
48 verbose already installed skipping karma-coverage@^0.2.7 /home/www/client/unchatbar-connection
49 verbose cache add name="karma-ng-html2js-preprocessor" spec="^0.1.2" args=["karma-ng-html2js-preprocessor","^0.1.2"]
50 verbose parsed url { protocol: null,
50 verbose parsed url   slashes: null,
50 verbose parsed url   auth: null,
50 verbose parsed url   host: null,
50 verbose parsed url   port: null,
50 verbose parsed url   hostname: null,
50 verbose parsed url   hash: null,
50 verbose parsed url   search: null,
50 verbose parsed url   query: null,
50 verbose parsed url   pathname: '^0.1.2',
50 verbose parsed url   path: '^0.1.2',
50 verbose parsed url   href: '^0.1.2' }
51 verbose addNamed [ 'karma-ng-html2js-preprocessor', '^0.1.2' ]
52 verbose addNamed [ null, '>=0.1.2-0 <0.2.0-0' ]
53 verbose already installed skipping karma-jasmine@^0.3.5 /home/www/client/unchatbar-connection
54 verbose already installed skipping karma-phantomjs-launcher@^0.1.4 /home/www/client/unchatbar-connection
55 silly lockFile e83d4fcc-ma-ng-html2js-preprocessor-0-1-2 karma-ng-html2js-preprocessor@^0.1.2
56 verbose lock karma-ng-html2js-preprocessor@^0.1.2 /home/lars/.npm/e83d4fcc-ma-ng-html2js-preprocessor-0-1-2.lock
57 silly addNameRange { name: 'karma-ng-html2js-preprocessor',
57 silly addNameRange   range: '>=0.1.2-0 <0.2.0-0',
57 silly addNameRange   hasData: false }
58 verbose request where is /karma-ng-html2js-preprocessor
59 verbose request registry https://registry.npmjs.org/
60 verbose request id 3ab1949f1cdbb9f0
61 verbose url raw /karma-ng-html2js-preprocessor
62 verbose url resolving [ 'https://registry.npmjs.org/',
62 verbose url resolving   './karma-ng-html2js-preprocessor' ]
63 verbose url resolved https://registry.npmjs.org/karma-ng-html2js-preprocessor
64 verbose request where is https://registry.npmjs.org/karma-ng-html2js-preprocessor
65 info trying registry request attempt 1 at 12:51:40
66 verbose etag "AUJQPMV815Z8TWB2JV3KVRYP4"
67 http GET https://registry.npmjs.org/karma-ng-html2js-preprocessor
68 http 304 https://registry.npmjs.org/karma-ng-html2js-preprocessor
69 silly registry.get cb [ 304,
69 silly registry.get   { date: 'Thu, 12 Feb 2015 11:51:40 GMT',
69 silly registry.get     server: 'Apache',
69 silly registry.get     via: '1.1 varnish',
69 silly registry.get     'last-modified': 'Thu, 12 Feb 2015 11:51:40 GMT',
69 silly registry.get     'cache-control': 'max-age=60',
69 silly registry.get     etag: '"AUJQPMV815Z8TWB2JV3KVRYP4"',
69 silly registry.get     age: '55',
69 silly registry.get     'x-served-by': 'cache-fra1238-FRA',
69 silly registry.get     'x-cache': 'HIT',
69 silly registry.get     'x-cache-hits': '1',
69 silly registry.get     'x-timer': 'S1423741900.630347,VS0,VE0',
69 silly registry.get     vary: 'Accept',
69 silly registry.get     'content-length': '0',
69 silly registry.get     'keep-alive': 'timeout=10, max=50',
69 silly registry.get     connection: 'Keep-Alive' } ]
70 verbose etag https://registry.npmjs.org/karma-ng-html2js-preprocessor from cache
71 silly addNameRange number 2 { name: 'karma-ng-html2js-preprocessor',
71 silly addNameRange   range: '>=0.1.2-0 <0.2.0-0',
71 silly addNameRange   hasData: true }
72 silly addNameRange versions [ 'karma-ng-html2js-preprocessor',
72 silly addNameRange   [ '0.0.1', '0.0.2', '0.0.3', '0.0.4', '0.1.0', '0.1.1', '0.1.2' ] ]
73 verbose addNamed [ 'karma-ng-html2js-preprocessor', '0.1.2' ]
74 verbose addNamed [ '0.1.2', '0.1.2' ]
75 silly lockFile 473109ce-ma-ng-html2js-preprocessor-0-1-2 karma-ng-html2js-preprocessor@0.1.2
76 verbose lock karma-ng-html2js-preprocessor@0.1.2 /home/lars/.npm/473109ce-ma-ng-html2js-preprocessor-0-1-2.lock
77 silly lockFile 473109ce-ma-ng-html2js-preprocessor-0-1-2 karma-ng-html2js-preprocessor@0.1.2
78 silly lockFile 473109ce-ma-ng-html2js-preprocessor-0-1-2 karma-ng-html2js-preprocessor@0.1.2
79 silly lockFile e83d4fcc-ma-ng-html2js-preprocessor-0-1-2 karma-ng-html2js-preprocessor@^0.1.2
80 silly lockFile e83d4fcc-ma-ng-html2js-preprocessor-0-1-2 karma-ng-html2js-preprocessor@^0.1.2
81 silly resolved [ { name: 'karma-ng-html2js-preprocessor',
81 silly resolved     version: '0.1.2',
81 silly resolved     description: 'A Karma plugin. Compile AngularJS templates to JavaScript on the fly.',
81 silly resolved     main: 'lib/index.js',
81 silly resolved     scripts: { test: 'grunt test' },
81 silly resolved     repository:
81 silly resolved      { type: 'git',
81 silly resolved        url: 'git://github.com/karma-runner/karma-ng-html2js-preprocessor.git' },
81 silly resolved     keywords:
81 silly resolved      [ 'karma-plugin',
81 silly resolved        'karma-preprocessor',
81 silly resolved        'angularjs',
81 silly resolved        'angular',
81 silly resolved        'html2js' ],
81 silly resolved     author: { name: 'Vojta Jina', email: 'vojta.jina@gmail.com' },
81 silly resolved     dependencies: {},
81 silly resolved     devDependencies:
81 silly resolved      { grunt: '~0.4.1',
81 silly resolved        'grunt-simple-mocha': '~0.4',
81 silly resolved        'grunt-contrib-jshint': '~0.6',
81 silly resolved        chai: '~1.4',
81 silly resolved        mocha: '~1.8',
81 silly resolved        'grunt-npm': '~0.0.2',
81 silly resolved        'grunt-bump': '~0.0.7',
81 silly resolved        'grunt-auto-release': '~0.0.2' },
81 silly resolved     peerDependencies: { karma: '>=0.9' },
81 silly resolved     license: 'MIT',
81 silly resolved     contributors:
81 silly resolved      [ [Object],
81 silly resolved        [Object],
81 silly resolved        [Object],
81 silly resolved        [Object],
81 silly resolved        [Object],
81 silly resolved        [Object],
81 silly resolved        [Object],
81 silly resolved        [Object],
81 silly resolved        [Object],
81 silly resolved        [Object],
81 silly resolved        [Object] ],
81 silly resolved     bugs: { url: 'https://github.com/karma-runner/karma-ng-html2js-preprocessor/issues' },
81 silly resolved     homepage: 'https://github.com/karma-runner/karma-ng-html2js-preprocessor',
81 silly resolved     _id: 'karma-ng-html2js-preprocessor@0.1.2',
81 silly resolved     dist:
81 silly resolved      { shasum: 'c9402cb577d891bfed1a9ff064f0cdb9a4fdc9b1',
81 silly resolved        tarball: 'http://registry.npmjs.org/karma-ng-html2js-preprocessor/-/karma-ng-html2js-preprocessor-0.1.2.tgz' },
81 silly resolved     _from: 'karma-ng-html2js-preprocessor@^0.1.2',
81 silly resolved     _npmVersion: '1.4.4',
81 silly resolved     _npmUser: { name: 'vojtajina', email: 'vojta.jina@gmail.com' },
81 silly resolved     maintainers: [ [Object] ],
81 silly resolved     directories: {},
81 silly resolved     _shasum: 'c9402cb577d891bfed1a9ff064f0cdb9a4fdc9b1',
81 silly resolved     _resolved: 'https://registry.npmjs.org/karma-ng-html2js-preprocessor/-/karma-ng-html2js-preprocessor-0.1.2.tgz',
81 silly resolved     readme: 'ERROR: No README data found!' } ]
82 info install karma-ng-html2js-preprocessor@0.1.2 into /home/www/client/unchatbar-connection
83 info installOne karma-ng-html2js-preprocessor@0.1.2
84 verbose node_modules/karma-ng-html2js-preprocessor unbuild
85 verbose tar unpack /home/lars/.npm/karma-ng-html2js-preprocessor/0.1.2/package.tgz
86 silly lockFile 8a86fdd1-es-karma-ng-html2js-preprocessor tar:///home/www/client/unchatbar-connection/node_modules/karma-ng-html2js-preprocessor
87 verbose lock tar:///home/www/client/unchatbar-connection/node_modules/karma-ng-html2js-preprocessor /home/lars/.npm/8a86fdd1-es-karma-ng-html2js-preprocessor.lock
88 silly lockFile b595af04-s-preprocessor-0-1-2-package-tgz tar:///home/lars/.npm/karma-ng-html2js-preprocessor/0.1.2/package.tgz
89 verbose lock tar:///home/lars/.npm/karma-ng-html2js-preprocessor/0.1.2/package.tgz /home/lars/.npm/b595af04-s-preprocessor-0-1-2-package-tgz.lock
90 silly gunzTarPerm modes [ '755', '644' ]
91 silly gunzTarPerm extractEntry package.json
92 silly gunzTarPerm extractEntry README.md
93 silly gunzTarPerm extractEntry LICENSE
94 silly gunzTarPerm extractEntry lib/html2js.js
95 silly gunzTarPerm extractEntry lib/index.js
96 silly lockFile 8a86fdd1-es-karma-ng-html2js-preprocessor tar:///home/www/client/unchatbar-connection/node_modules/karma-ng-html2js-preprocessor
97 silly lockFile 8a86fdd1-es-karma-ng-html2js-preprocessor tar:///home/www/client/unchatbar-connection/node_modules/karma-ng-html2js-preprocessor
98 silly lockFile b595af04-s-preprocessor-0-1-2-package-tgz tar:///home/lars/.npm/karma-ng-html2js-preprocessor/0.1.2/package.tgz
99 silly lockFile b595af04-s-preprocessor-0-1-2-package-tgz tar:///home/lars/.npm/karma-ng-html2js-preprocessor/0.1.2/package.tgz
100 info preinstall karma-ng-html2js-preprocessor@0.1.2
101 verbose readDependencies using package.json deps
102 verbose readDependencies using package.json deps
103 silly resolved []
104 verbose about to build /home/www/client/unchatbar-connection/node_modules/karma-ng-html2js-preprocessor
105 info build /home/www/client/unchatbar-connection/node_modules/karma-ng-html2js-preprocessor
106 verbose linkStuff [ false,
106 verbose linkStuff   false,
106 verbose linkStuff   false,
106 verbose linkStuff   '/home/www/client/unchatbar-connection/node_modules' ]
107 info linkStuff karma-ng-html2js-preprocessor@0.1.2
108 verbose linkBins karma-ng-html2js-preprocessor@0.1.2
109 verbose linkMans karma-ng-html2js-preprocessor@0.1.2
110 verbose rebuildBundles karma-ng-html2js-preprocessor@0.1.2
111 info install karma-ng-html2js-preprocessor@0.1.2
112 info postinstall karma-ng-html2js-preprocessor@0.1.2
113 info build /home/www/client/unchatbar-connection
114 verbose linkStuff [ false, false, false, '/home/www/client' ]
115 info linkStuff unchatbar-connection@0.0.1
116 verbose linkBins unchatbar-connection@0.0.1
117 verbose linkMans unchatbar-connection@0.0.1
118 verbose rebuildBundles unchatbar-connection@0.0.1
119 verbose rebuildBundles [ '.bin',
119 verbose rebuildBundles   'bower',
119 verbose rebuildBundles   'connect-modrewrite',
119 verbose rebuildBundles   'express',
119 verbose rebuildBundles   'express-spa-router',
119 verbose rebuildBundles   'grunt',
119 verbose rebuildBundles   'grunt-angular-templates',
119 verbose rebuildBundles   'grunt-autoprefixer',
119 verbose rebuildBundles   'grunt-cli',
119 verbose rebuildBundles   'grunt-concurrent',
119 verbose rebuildBundles   'grunt-contrib-clean',
119 verbose rebuildBundles   'grunt-contrib-concat',
119 verbose rebuildBundles   'grunt-contrib-connect',
119 verbose rebuildBundles   'grunt-contrib-copy',
119 verbose rebuildBundles   'grunt-contrib-cssmin',
119 verbose rebuildBundles   'grunt-contrib-htmlmin',
119 verbose rebuildBundles   'grunt-contrib-imagemin',
119 verbose rebuildBundles   'grunt-contrib-jshint',
119 verbose rebuildBundles   'grunt-contrib-uglify',
119 verbose rebuildBundles   'grunt-contrib-watch',
119 verbose rebuildBundles   'grunt-filerev',
119 verbose rebuildBundles   'grunt-google-cdn',
119 verbose rebuildBundles   'grunt-karma',
119 verbose rebuildBundles   'grunt-newer',
119 verbose rebuildBundles   'grunt-ng-annotate',
119 verbose rebuildBundles   'grunt-ng-constant',
119 verbose rebuildBundles   'grunt-ngdocs',
119 verbose rebuildBundles   'grunt-svgmin',
119 verbose rebuildBundles   'grunt-usemin',
119 verbose rebuildBundles   'grunt-wiredep',
119 verbose rebuildBundles   'gzippo',
119 verbose rebuildBundles   'jasmine-core',
119 verbose rebuildBundles   'jshint-stylish',
119 verbose rebuildBundles   'karma',
119 verbose rebuildBundles   'karma-coverage',
119 verbose rebuildBundles   'karma-jasmine',
119 verbose rebuildBundles   'karma-ng-html2js-preprocessor',
119 verbose rebuildBundles   'karma-phantomjs-launcher',
119 verbose rebuildBundles   'load-grunt-tasks',
119 verbose rebuildBundles   'morgan',
119 verbose rebuildBundles   'time-grunt' ]
120 info install unchatbar-connection@0.0.1
121 info postinstall unchatbar-connection@0.0.1
122 verbose unsafe-perm in lifecycle true
123 info unchatbar-connection@0.0.1 Failed to exec postinstall script
124 error unchatbar-connection@0.0.1 postinstall: `bower cache clean && bower install && grunt build`
124 error Exit status 6
125 error Failed at the unchatbar-connection@0.0.1 postinstall script.
125 error This is most likely a problem with the unchatbar-connection package,
125 error not with npm itself.
125 error Tell the author that this fails on your system:
125 error     bower cache clean && bower install && grunt build
125 error You can get their info via:
125 error     npm owner ls unchatbar-connection
125 error There is likely additional logging output above.
126 error System Linux 3.13.0-37-generic
127 error command "/usr/bin/node" "/usr/bin/npm" "install"
128 error cwd /home/www/client/unchatbar-connection
129 error node -v v0.10.36
130 error npm -v 1.4.28
131 error code ELIFECYCLE
132 verbose exit [ 1, true ]
